c:\program files\teledyne dalsa\sapera\demos\classes\vc\gigeseqgrabdemo\debug64\vc140.pdb
c:\program files\teledyne dalsa\sapera\demos\classes\vc\gigeseqgrabdemo\debug64\highframeratedlg.obj
c:\program files\teledyne dalsa\sapera\demos\classes\vc\gigeseqgrabdemo\debug64\gigeseqgrabdemodlg.obj
c:\program files\teledyne dalsa\sapera\demos\classes\vc\gigeseqgrabdemo\debug64\gigeseqgrabdemo.obj
c:\program files\teledyne dalsa\sapera\demos\classes\vc\gigeseqgrabdemo\debug64\gigeseqgrabdemo.ilk
c:\program files\teledyne dalsa\sapera\demos\classes\vc\gigeseqgrabdemo\debug64\gigeseqgrabdemo.exe
c:\program files\teledyne dalsa\sapera\demos\classes\vc\gigeseqgrabdemo\debug64\gigeseqgrabdemo.exe.intermediate.manifest
c:\program files\teledyne dalsa\sapera\demos\classes\vc\gigeseqgrabdemo\debug64\gigeseqgrabdemo.pdb
c:\program files\teledyne dalsa\sapera\demos\classes\vc\gigeseqgrabdemo\debug64\gigeseqgrabdemo.exe.manifest
c:\program files\teledyne dalsa\sapera\demos\classes\vc\gigeseqgrabdemo\debug64\gigeseqgrabdemo.res
c:\program files\teledyne dalsa\sapera\demos\classes\vc\gigeseqgrabdemo\debug64\gigeseqgrabdemo.tlog\cl.command.1.tlog
c:\program files\teledyne dalsa\sapera\demos\classes\vc\gigeseqgrabdemo\debug64\gigeseqgrabdemo.tlog\cl.read.1.tlog
c:\program files\teledyne dalsa\sapera\demos\classes\vc\gigeseqgrabdemo\debug64\gigeseqgrabdemo.tlog\cl.write.1.tlog
c:\program files\teledyne dalsa\sapera\demos\classes\vc\gigeseqgrabdemo\debug64\gigeseqgrabdemo.tlog\link.command.1.tlog
c:\program files\teledyne dalsa\sapera\demos\classes\vc\gigeseqgrabdemo\debug64\gigeseqgrabdemo.tlog\link.read.1.tlog
c:\program files\teledyne dalsa\sapera\demos\classes\vc\gigeseqgrabdemo\debug64\gigeseqgrabdemo.tlog\link.write.1.tlog
c:\program files\teledyne dalsa\sapera\demos\classes\vc\gigeseqgrabdemo\debug64\gigeseqgrabdemo.tlog\mt.command.1.tlog
c:\program files\teledyne dalsa\sapera\demos\classes\vc\gigeseqgrabdemo\debug64\gigeseqgrabdemo.tlog\mt.read.1.tlog
c:\program files\teledyne dalsa\sapera\demos\classes\vc\gigeseqgrabdemo\debug64\gigeseqgrabdemo.tlog\mt.write.1.tlog
c:\program files\teledyne dalsa\sapera\demos\classes\vc\gigeseqgrabdemo\debug64\gigeseqgrabdemo.tlog\rc.command.1.tlog
c:\program files\teledyne dalsa\sapera\demos\classes\vc\gigeseqgrabdemo\debug64\gigeseqgrabdemo.tlog\rc.read.1.tlog
c:\program files\teledyne dalsa\sapera\demos\classes\vc\gigeseqgrabdemo\debug64\gigeseqgrabdemo.tlog\rc.write.1.tlog
